
  .   ____          _            __ _ _
 /\\ / ___'_ __ _ _(_)_ __  __ _ \ \ \ \
( ( )\___ | '_ | '_| | '_ \/ _` | \ \ \ \
 \\/  ___)| |_)| | | | | || (_| |  ) ) ) )
  '  |____| .__|_| |_|_| |_\__, | / / / /
 =========|_|==============|___/=/_/_/_/

 :: Spring Boot ::                (v3.3.3)

2024-10-19T23:54:41.136+08:00  INFO 64540 --- [           main] com.WDS.WDSServerApplication             : Starting WDSServerApplication v1.0-SNAPSHOT using Java 22.0.2 with PID 64540 (/home/WDS/WDS_Server/lib/WDS-server-1.0-SNAPSHOT.jar started by WDS in /home/WDS/WDS_Server)
2024-10-19T23:54:41.140+08:00  INFO 64540 --- [           main] com.WDS.WDSServerApplication             : The following 1 profile is active: "pro"
2024-10-19T23:54:43.081+08:00  INFO 64540 --- [           main] .s.d.r.c.RepositoryConfigurationDelegate : Multiple Spring Data modules found, entering strict repository configuration mode
2024-10-19T23:54:43.085+08:00  INFO 64540 --- [           main] .s.d.r.c.RepositoryConfigurationDelegate : Bootstrapping Spring Data Redis repositories in DEFAULT mode.
2024-10-19T23:54:43.127+08:00  INFO 64540 --- [           main] .s.d.r.c.RepositoryConfigurationDelegate : Finished Spring Data repository scanning in 15 ms. Found 0 Redis repository interfaces.
2024-10-19T23:54:44.242+08:00  INFO 64540 --- [           main] o.s.b.w.embedded.tomcat.TomcatWebServer  : Tomcat initialized with port 8443 (http)
2024-10-19T23:54:44.265+08:00  INFO 64540 --- [           main] o.apache.catalina.core.StandardService   : Starting service [Tomcat]
2024-10-19T23:54:44.266+08:00  INFO 64540 --- [           main] o.apache.catalina.core.StandardEngine    : Starting Servlet engine: [Apache Tomcat/10.1.28]
2024-10-19T23:54:44.312+08:00  INFO 64540 --- [           main] o.a.c.c.C.[Tomcat].[localhost].[/]       : Initializing Spring embedded WebApplicationContext
2024-10-19T23:54:44.314+08:00  INFO 64540 --- [           main] w.s.c.ServletWebServerApplicationContext : Root WebApplicationContext: initialization completed in 3037 ms
2024-10-19T23:54:46.437+08:00  INFO 64540 --- [           main] o.s.b.w.embedded.tomcat.TomcatWebServer  : Tomcat started on port 8443 (http) with context path '/'
2024-10-19T23:54:46.467+08:00  INFO 64540 --- [           main] com.WDS.WDSServerApplication             : Started WDSServerApplication in 6.402 seconds (process running for 7.366)

  .   ____          _            __ _ _
 /\\ / ___'_ __ _ _(_)_ __  __ _ \ \ \ \
( ( )\___ | '_ | '_| | '_ \/ _` | \ \ \ \
 \\/  ___)| |_)| | | | | || (_| |  ) ) ) )
  '  |____| .__|_| |_|_| |_\__, | / / / /
 =========|_|==============|___/=/_/_/_/

 :: Spring Boot ::                (v3.3.3)

2024-10-20T00:06:35.807+08:00  INFO 68284 --- [           main] com.WDS.WDSServerApplication             : Starting WDSServerApplication v1.0-SNAPSHOT using Java 22.0.2 with PID 68284 (/home/WDS/WDS_Server/lib/WDS-server-1.0-SNAPSHOT.jar started by WDS in /home/WDS/WDS_Server)
2024-10-20T00:06:35.812+08:00  INFO 68284 --- [           main] com.WDS.WDSServerApplication             : The following 1 profile is active: "pro"
2024-10-20T00:06:37.779+08:00  INFO 68284 --- [           main] .s.d.r.c.RepositoryConfigurationDelegate : Multiple Spring Data modules found, entering strict repository configuration mode
2024-10-20T00:06:37.784+08:00  INFO 68284 --- [           main] .s.d.r.c.RepositoryConfigurationDelegate : Bootstrapping Spring Data Redis repositories in DEFAULT mode.
2024-10-20T00:06:37.835+08:00  INFO 68284 --- [           main] .s.d.r.c.RepositoryConfigurationDelegate : Finished Spring Data repository scanning in 19 ms. Found 0 Redis repository interfaces.
2024-10-20T00:06:38.945+08:00  INFO 68284 --- [           main] o.s.b.w.embedded.tomcat.TomcatWebServer  : Tomcat initialized with port 8443 (http)
2024-10-20T00:06:38.968+08:00  INFO 68284 --- [           main] o.apache.catalina.core.StandardService   : Starting service [Tomcat]
2024-10-20T00:06:38.968+08:00  INFO 68284 --- [           main] o.apache.catalina.core.StandardEngine    : Starting Servlet engine: [Apache Tomcat/10.1.28]
2024-10-20T00:06:39.029+08:00  INFO 68284 --- [           main] o.a.c.c.C.[Tomcat].[localhost].[/]       : Initializing Spring embedded WebApplicationContext
2024-10-20T00:06:39.032+08:00  INFO 68284 --- [           main] w.s.c.ServletWebServerApplicationContext : Root WebApplicationContext: initialization completed in 3089 ms
2024-10-20T00:06:41.248+08:00  INFO 68284 --- [           main] o.s.b.w.embedded.tomcat.TomcatWebServer  : Tomcat started on port 8443 (http) with context path '/'
2024-10-20T00:06:41.280+08:00  INFO 68284 --- [           main] com.WDS.WDSServerApplication             : Started WDSServerApplication in 6.62 seconds (process running for 7.605)

  .   ____          _            __ _ _
 /\\ / ___'_ __ _ _(_)_ __  __ _ \ \ \ \
( ( )\___ | '_ | '_| | '_ \/ _` | \ \ \ \
 \\/  ___)| |_)| | | | | || (_| |  ) ) ) )
  '  |____| .__|_| |_|_| |_\__, | / / / /
 =========|_|==============|___/=/_/_/_/

 :: Spring Boot ::                (v3.3.3)

2024-10-20T00:13:09.326+08:00  INFO 70351 --- [           main] com.WDS.WDSServerApplication             : Starting WDSServerApplication v1.0-SNAPSHOT using Java 22.0.2 with PID 70351 (/home/WDS/WDS_Server/lib/WDS-server-1.0-SNAPSHOT.jar started by WDS in /home/WDS/WDS_Server)
2024-10-20T00:13:09.336+08:00  INFO 70351 --- [           main] com.WDS.WDSServerApplication             : The following 1 profile is active: "pro"
2024-10-20T00:13:11.333+08:00  INFO 70351 --- [           main] .s.d.r.c.RepositoryConfigurationDelegate : Multiple Spring Data modules found, entering strict repository configuration mode
2024-10-20T00:13:11.338+08:00  INFO 70351 --- [           main] .s.d.r.c.RepositoryConfigurationDelegate : Bootstrapping Spring Data Redis repositories in DEFAULT mode.
2024-10-20T00:13:11.386+08:00  INFO 70351 --- [           main] .s.d.r.c.RepositoryConfigurationDelegate : Finished Spring Data repository scanning in 18 ms. Found 0 Redis repository interfaces.
2024-10-20T00:13:12.502+08:00  INFO 70351 --- [           main] o.s.b.w.embedded.tomcat.TomcatWebServer  : Tomcat initialized with port 8443 (http)
2024-10-20T00:13:12.528+08:00  INFO 70351 --- [           main] o.apache.catalina.core.StandardService   : Starting service [Tomcat]
2024-10-20T00:13:12.528+08:00  INFO 70351 --- [           main] o.apache.catalina.core.StandardEngine    : Starting Servlet engine: [Apache Tomcat/10.1.28]
2024-10-20T00:13:12.594+08:00  INFO 70351 --- [           main] o.a.c.c.C.[Tomcat].[localhost].[/]       : Initializing Spring embedded WebApplicationContext
2024-10-20T00:13:12.596+08:00  INFO 70351 --- [           main] w.s.c.ServletWebServerApplicationContext : Root WebApplicationContext: initialization completed in 3137 ms
2024-10-20T00:13:14.789+08:00  INFO 70351 --- [           main] o.s.b.w.embedded.tomcat.TomcatWebServer  : Tomcat started on port 8443 (http) with context path '/'
2024-10-20T00:13:14.819+08:00  INFO 70351 --- [           main] com.WDS.WDSServerApplication             : Started WDSServerApplication in 6.551 seconds (process running for 7.527)
2024-10-20T00:14:10.033+08:00  INFO 70351 --- [nio-8443-exec-1] o.apache.coyote.http11.Http11Processor   : Error parsing HTTP request header
 Note: further occurrences of HTTP request parsing errors will be logged at DEBUG level.

java.lang.IllegalArgumentException: Invalid character found in method name [0x160x030x010x000xe50x010x000x000xe10x030x030x820x910xfb_0xff0xf0L0x93vZ0xe20xe70xccX0xc3+0x910xd10xa5:t0xc1S0x810xf160xfa0xd60xa90x8c0xaaM ]. HTTP method names must be tokens
	at org.apache.coyote.http11.Http11InputBuffer.parseRequestLine(Http11InputBuffer.java:407) ~[tomcat-embed-core-10.1.28.jar!/:na]
	at org.apache.coyote.http11.Http11Processor.service(Http11Processor.java:257) ~[tomcat-embed-core-10.1.28.jar!/:na]
	at org.apache.coyote.AbstractProcessorLight.process(AbstractProcessorLight.java:63) ~[tomcat-embed-core-10.1.28.jar!/:na]
	at org.apache.coyote.AbstractProtocol$ConnectionHandler.process(AbstractProtocol.java:904) ~[tomcat-embed-core-10.1.28.jar!/:na]
	at org.apache.tomcat.util.net.NioEndpoint$SocketProcessor.doRun(NioEndpoint.java:1741) ~[tomcat-embed-core-10.1.28.jar!/:na]
	at org.apache.tomcat.util.net.SocketProcessorBase.run(SocketProcessorBase.java:52) ~[tomcat-embed-core-10.1.28.jar!/:na]
	at org.apache.tomcat.util.threads.ThreadPoolExecutor.runWorker(ThreadPoolExecutor.java:1190) ~[tomcat-embed-core-10.1.28.jar!/:na]
	at org.apache.tomcat.util.threads.ThreadPoolExecutor$Worker.run(ThreadPoolExecutor.java:659) ~[tomcat-embed-core-10.1.28.jar!/:na]
	at org.apache.tomcat.util.threads.TaskThread$WrappingRunnable.run(TaskThread.java:63) ~[tomcat-embed-core-10.1.28.jar!/:na]
	at java.base/java.lang.Thread.run(Thread.java:1570) ~[na:na]

2024-10-20T00:22:48.945+08:00  INFO 70351 --- [nio-8443-exec-3] o.a.c.c.C.[Tomcat].[localhost].[/]       : Initializing Spring DispatcherServlet 'dispatcherServlet'
2024-10-20T00:22:48.946+08:00  INFO 70351 --- [nio-8443-exec-3] o.s.web.servlet.DispatcherServlet        : Initializing Servlet 'dispatcherServlet'
2024-10-20T00:22:48.949+08:00  INFO 70351 --- [nio-8443-exec-3] o.s.web.servlet.DispatcherServlet        : Completed initialization in 3 ms
2024-10-20T00:22:49.134+08:00  INFO 70351 --- [nio-8443-exec-3] com.zaxxer.hikari.HikariDataSource       : HikariPool-1 - Starting...
2024-10-20T00:22:50.592+08:00  INFO 70351 --- [nio-8443-exec-3] com.zaxxer.hikari.pool.HikariPool        : HikariPool-1 - Added connection com.mysql.cj.jdbc.ConnectionImpl@20a291bd
2024-10-20T00:22:50.595+08:00  INFO 70351 --- [nio-8443-exec-3] com.zaxxer.hikari.HikariDataSource       : HikariPool-1 - Start completed.
2024-10-20T00:29:36.210+08:00  INFO 70351 --- [ionShutdownHook] com.zaxxer.hikari.HikariDataSource       : HikariPool-1 - Shutdown initiated...
2024-10-20T00:29:36.223+08:00  INFO 70351 --- [ionShutdownHook] com.zaxxer.hikari.HikariDataSource       : HikariPool-1 - Shutdown completed.

  .   ____          _            __ _ _
 /\\ / ___'_ __ _ _(_)_ __  __ _ \ \ \ \
( ( )\___ | '_ | '_| | '_ \/ _` | \ \ \ \
 \\/  ___)| |_)| | | | | || (_| |  ) ) ) )
  '  |____| .__|_| |_|_| |_\__, | / / / /
 =========|_|==============|___/=/_/_/_/

 :: Spring Boot ::                (v3.3.3)

2024-10-20T00:30:05.841+08:00  INFO 75627 --- [           main] com.WDS.WDSServerApplication             : Starting WDSServerApplication v1.0-SNAPSHOT using Java 22.0.2 with PID 75627 (/home/WDS/WDS_Server/lib/WDS-server-1.0-SNAPSHOT.jar started by WDS in /home/WDS/WDS_Server)
2024-10-20T00:30:05.847+08:00  INFO 75627 --- [           main] com.WDS.WDSServerApplication             : The following 1 profile is active: "pro"
2024-10-20T00:30:07.797+08:00  INFO 75627 --- [           main] .s.d.r.c.RepositoryConfigurationDelegate : Multiple Spring Data modules found, entering strict repository configuration mode
2024-10-20T00:30:07.802+08:00  INFO 75627 --- [           main] .s.d.r.c.RepositoryConfigurationDelegate : Bootstrapping Spring Data Redis repositories in DEFAULT mode.
2024-10-20T00:30:07.855+08:00  INFO 75627 --- [           main] .s.d.r.c.RepositoryConfigurationDelegate : Finished Spring Data repository scanning in 22 ms. Found 0 Redis repository interfaces.
2024-10-20T00:30:08.988+08:00  INFO 75627 --- [           main] o.s.b.w.embedded.tomcat.TomcatWebServer  : Tomcat initialized with port 8443 (http)
2024-10-20T00:30:09.012+08:00  INFO 75627 --- [           main] o.apache.catalina.core.StandardService   : Starting service [Tomcat]
2024-10-20T00:30:09.013+08:00  INFO 75627 --- [           main] o.apache.catalina.core.StandardEngine    : Starting Servlet engine: [Apache Tomcat/10.1.28]
2024-10-20T00:30:09.062+08:00  INFO 75627 --- [           main] o.a.c.c.C.[Tomcat].[localhost].[/]       : Initializing Spring embedded WebApplicationContext
2024-10-20T00:30:09.064+08:00  INFO 75627 --- [           main] w.s.c.ServletWebServerApplicationContext : Root WebApplicationContext: initialization completed in 3081 ms
2024-10-20T00:30:11.362+08:00  INFO 75627 --- [           main] o.s.b.w.embedded.tomcat.TomcatWebServer  : Tomcat started on port 8443 (http) with context path '/'
2024-10-20T00:30:11.389+08:00  INFO 75627 --- [           main] com.WDS.WDSServerApplication             : Started WDSServerApplication in 6.635 seconds (process running for 7.616)
2024-10-20T00:30:26.672+08:00  INFO 75627 --- [nio-8443-exec-1] o.apache.coyote.http11.Http11Processor   : Error parsing HTTP request header
 Note: further occurrences of HTTP request parsing errors will be logged at DEBUG level.

java.lang.IllegalArgumentException: Invalid character found in method name [0x160x030x010x000xe50x010x000x000xe10x030x030x950xc70x080xf90xe9D0xab^0xca0xc9@rC0x86eb0x92K0x01M0xbea0xcd0xbb880xedN0x9dZ0x190xaf ]. HTTP method names must be tokens
	at org.apache.coyote.http11.Http11InputBuffer.parseRequestLine(Http11InputBuffer.java:407) ~[tomcat-embed-core-10.1.28.jar!/:na]
	at org.apache.coyote.http11.Http11Processor.service(Http11Processor.java:257) ~[tomcat-embed-core-10.1.28.jar!/:na]
	at org.apache.coyote.AbstractProcessorLight.process(AbstractProcessorLight.java:63) ~[tomcat-embed-core-10.1.28.jar!/:na]
	at org.apache.coyote.AbstractProtocol$ConnectionHandler.process(AbstractProtocol.java:904) ~[tomcat-embed-core-10.1.28.jar!/:na]
	at org.apache.tomcat.util.net.NioEndpoint$SocketProcessor.doRun(NioEndpoint.java:1741) ~[tomcat-embed-core-10.1.28.jar!/:na]
	at org.apache.tomcat.util.net.SocketProcessorBase.run(SocketProcessorBase.java:52) ~[tomcat-embed-core-10.1.28.jar!/:na]
	at org.apache.tomcat.util.threads.ThreadPoolExecutor.runWorker(ThreadPoolExecutor.java:1190) ~[tomcat-embed-core-10.1.28.jar!/:na]
	at org.apache.tomcat.util.threads.ThreadPoolExecutor$Worker.run(ThreadPoolExecutor.java:659) ~[tomcat-embed-core-10.1.28.jar!/:na]
	at org.apache.tomcat.util.threads.TaskThread$WrappingRunnable.run(TaskThread.java:63) ~[tomcat-embed-core-10.1.28.jar!/:na]
	at java.base/java.lang.Thread.run(Thread.java:1570) ~[na:na]

2024-10-20T00:33:15.309+08:00  INFO 75627 --- [nio-8443-exec-2] o.a.c.c.C.[Tomcat].[localhost].[/]       : Initializing Spring DispatcherServlet 'dispatcherServlet'
2024-10-20T00:33:15.309+08:00  INFO 75627 --- [nio-8443-exec-2] o.s.web.servlet.DispatcherServlet        : Initializing Servlet 'dispatcherServlet'
2024-10-20T00:33:15.312+08:00  INFO 75627 --- [nio-8443-exec-2] o.s.web.servlet.DispatcherServlet        : Completed initialization in 2 ms
2024-10-20T00:33:15.502+08:00  INFO 75627 --- [nio-8443-exec-2] com.zaxxer.hikari.HikariDataSource       : HikariPool-1 - Starting...
2024-10-20T00:33:16.104+08:00  INFO 75627 --- [nio-8443-exec-2] com.zaxxer.hikari.pool.HikariPool        : HikariPool-1 - Added connection com.mysql.cj.jdbc.ConnectionImpl@2600bdff
2024-10-20T00:33:16.107+08:00  INFO 75627 --- [nio-8443-exec-2] com.zaxxer.hikari.HikariDataSource       : HikariPool-1 - Start completed.
NjcxM2RmODZfNTJjNDAzMDlfYTJjZV8yYjViNzVi
2024-10-20T00:34:14.449+08:00  INFO 75627 --- [nio-8443-exec-5] c.qcloud.cos.http.DefaultCosHttpClient   : shutdown stackTrace:
Class: com.qcloud.cos.http.DefaultCosHttpClient, Method: shutdown, Line: 214
Class: com.qcloud.cos.COSClient, Method: shutdown, Line: 187
Class: com.WDS.utils.TxCosUtil, Method: uploadFile, Line: 77
Class: com.WDS.controller.FileUploadController, Method: upload, Line: 24
Class: jdk.internal.reflect.DirectMethodHandleAccessor, Method: invoke, Line: 103
Class: java.lang.reflect.Method, Method: invoke, Line: 580
Class: org.springframework.web.method.support.InvocableHandlerMethod, Method: doInvoke, Line: 255
Class: org.springframework.web.method.support.InvocableHandlerMethod, Method: invokeForRequest, Line: 188
Class: org.springframework.web.servlet.mvc.method.annotation.ServletInvocableHandlerMethod, Method: invokeAndHandle, Line: 118
Class: org.springframework.web.servlet.mvc.method.annotation.RequestMappingHandlerAdapter, Method: invokeHandlerMethod, Line: 926
Class: org.springframework.web.servlet.mvc.method.annotation.RequestMappingHandlerAdapter, Method: handleInternal, Line: 831
Class: org.springframework.web.servlet.mvc.method.AbstractHandlerMethodAdapter, Method: handle, Line: 87
Class: org.springframework.web.servlet.DispatcherServlet, Method: doDispatch, Line: 1089
Class: org.springframework.web.servlet.DispatcherServlet, Method: doService, Line: 979
Class: org.springframework.web.servlet.FrameworkServlet, Method: processRequest, Line: 1014
Class: org.springframework.web.servlet.FrameworkServlet, Method: doPost, Line: 914
Class: jakarta.servlet.http.HttpServlet, Method: service, Line: 590
Class: org.springframework.web.servlet.FrameworkServlet, Method: service, Line: 885
Class: jakarta.servlet.http.HttpServlet, Method: service, Line: 658
Class: org.apache.catalina.core.ApplicationFilterChain, Method: internalDoFilter, Line: 195
Class: org.apache.catalina.core.ApplicationFilterChain, Method: doFilter, Line: 140
Class: org.apache.tomcat.websocket.server.WsFilter, Method: doFilter, Line: 51
Class: org.apache.catalina.core.ApplicationFilterChain, Method: internalDoFilter, Line: 164
Class: org.apache.catalina.core.ApplicationFilterChain, Method: doFilter, Line: 140
Class: org.springframework.web.filter.RequestContextFilter, Method: doFilterInternal, Line: 100
Class: org.springframework.web.filter.OncePerRequestFilter, Method: doFilter, Line: 116
Class: org.apache.catalina.core.ApplicationFilterChain, Method: internalDoFilter, Line: 164
Class: org.apache.catalina.core.ApplicationFilterChain, Method: doFilter, Line: 140
Class: org.springframework.web.filter.FormContentFilter, Method: doFilterInternal, Line: 93
Class: org.springframework.web.filter.OncePerRequestFilter, Method: doFilter, Line: 116
Class: org.apache.catalina.core.ApplicationFilterChain, Method: internalDoFilter, Line: 164
Class: org.apache.catalina.core.ApplicationFilterChain, Method: doFilter, Line: 140
Class: org.springframework.web.filter.CharacterEncodingFilter, Method: doFilterInternal, Line: 201
Class: org.springframework.web.filter.OncePerRequestFilter, Method: doFilter, Line: 116
Class: org.apache.catalina.core.ApplicationFilterChain, Method: internalDoFilter, Line: 164
Class: org.apache.catalina.core.ApplicationFilterChain, Method: doFilter, Line: 140
Class: org.apache.catalina.core.StandardWrapperValve, Method: invoke, Line: 167
Class: org.apache.catalina.core.StandardContextValve, Method: invoke, Line: 90
Class: org.apache.catalina.authenticator.AuthenticatorBase, Method: invoke, Line: 483
Class: org.apache.catalina.core.StandardHostValve, Method: invoke, Line: 115
Class: org.apache.catalina.valves.ErrorReportValve, Method: invoke, Line: 93
Class: org.apache.catalina.core.StandardEngineValve, Method: invoke, Line: 74
Class: org.apache.catalina.connector.CoyoteAdapter, Method: service, Line: 344
Class: org.apache.coyote.http11.Http11Processor, Method: service, Line: 384
Class: org.apache.coyote.AbstractProcessorLight, Method: process, Line: 63
Class: org.apache.coyote.AbstractProtocol$ConnectionHandler, Method: process, Line: 904
Class: org.apache.tomcat.util.net.NioEndpoint$SocketProcessor, Method: doRun, Line: 1741
Class: org.apache.tomcat.util.net.SocketProcessorBase, Method: run, Line: 52
Class: org.apache.tomcat.util.threads.ThreadPoolExecutor, Method: runWorker, Line: 1190
Class: org.apache.tomcat.util.threads.ThreadPoolExecutor$Worker, Method: run, Line: 659
Class: org.apache.tomcat.util.threads.TaskThread$WrappingRunnable, Method: run, Line: 63
Class: java.lang.Thread, Method: run, Line: 1570
NjcxM2UwODJfYWVkOTgxZV9jNWYzXzM5MWMyZmQ=
2024-10-20T00:38:26.825+08:00  INFO 75627 --- [nio-8443-exec-8] c.qcloud.cos.http.DefaultCosHttpClient   : shutdown stackTrace:
Class: com.qcloud.cos.http.DefaultCosHttpClient, Method: shutdown, Line: 214
Class: com.qcloud.cos.COSClient, Method: shutdown, Line: 187
Class: com.WDS.utils.TxCosUtil, Method: uploadFile, Line: 77
Class: com.WDS.controller.FileUploadController, Method: upload, Line: 24
Class: jdk.internal.reflect.DirectMethodHandleAccessor, Method: invoke, Line: 103
Class: java.lang.reflect.Method, Method: invoke, Line: 580
Class: org.springframework.web.method.support.InvocableHandlerMethod, Method: doInvoke, Line: 255
Class: org.springframework.web.method.support.InvocableHandlerMethod, Method: invokeForRequest, Line: 188
Class: org.springframework.web.servlet.mvc.method.annotation.ServletInvocableHandlerMethod, Method: invokeAndHandle, Line: 118
Class: org.springframework.web.servlet.mvc.method.annotation.RequestMappingHandlerAdapter, Method: invokeHandlerMethod, Line: 926
Class: org.springframework.web.servlet.mvc.method.annotation.RequestMappingHandlerAdapter, Method: handleInternal, Line: 831
Class: org.springframework.web.servlet.mvc.method.AbstractHandlerMethodAdapter, Method: handle, Line: 87
Class: org.springframework.web.servlet.DispatcherServlet, Method: doDispatch, Line: 1089
Class: org.springframework.web.servlet.DispatcherServlet, Method: doService, Line: 979
Class: org.springframework.web.servlet.FrameworkServlet, Method: processRequest, Line: 1014
Class: org.springframework.web.servlet.FrameworkServlet, Method: doPost, Line: 914
Class: jakarta.servlet.http.HttpServlet, Method: service, Line: 590
Class: org.springframework.web.servlet.FrameworkServlet, Method: service, Line: 885
Class: jakarta.servlet.http.HttpServlet, Method: service, Line: 658
Class: org.apache.catalina.core.ApplicationFilterChain, Method: internalDoFilter, Line: 195
Class: org.apache.catalina.core.ApplicationFilterChain, Method: doFilter, Line: 140
Class: org.apache.tomcat.websocket.server.WsFilter, Method: doFilter, Line: 51
Class: org.apache.catalina.core.ApplicationFilterChain, Method: internalDoFilter, Line: 164
Class: org.apache.catalina.core.ApplicationFilterChain, Method: doFilter, Line: 140
Class: org.springframework.web.filter.RequestContextFilter, Method: doFilterInternal, Line: 100
Class: org.springframework.web.filter.OncePerRequestFilter, Method: doFilter, Line: 116
Class: org.apache.catalina.core.ApplicationFilterChain, Method: internalDoFilter, Line: 164
Class: org.apache.catalina.core.ApplicationFilterChain, Method: doFilter, Line: 140
Class: org.springframework.web.filter.FormContentFilter, Method: doFilterInternal, Line: 93
Class: org.springframework.web.filter.OncePerRequestFilter, Method: doFilter, Line: 116
Class: org.apache.catalina.core.ApplicationFilterChain, Method: internalDoFilter, Line: 164
Class: org.apache.catalina.core.ApplicationFilterChain, Method: doFilter, Line: 140
Class: org.springframework.web.filter.CharacterEncodingFilter, Method: doFilterInternal, Line: 201
Class: org.springframework.web.filter.OncePerRequestFilter, Method: doFilter, Line: 116
Class: org.apache.catalina.core.ApplicationFilterChain, Method: internalDoFilter, Line: 164
Class: org.apache.catalina.core.ApplicationFilterChain, Method: doFilter, Line: 140
Class: org.apache.catalina.core.StandardWrapperValve, Method: invoke, Line: 167
Class: org.apache.catalina.core.StandardContextValve, Method: invoke, Line: 90
Class: org.apache.catalina.authenticator.AuthenticatorBase, Method: invoke, Line: 483
Class: org.apache.catalina.core.StandardHostValve, Method: invoke, Line: 115
Class: org.apache.catalina.valves.ErrorReportValve, Method: invoke, Line: 93
Class: org.apache.catalina.core.StandardEngineValve, Method: invoke, Line: 74
Class: org.apache.catalina.connector.CoyoteAdapter, Method: service, Line: 344
Class: org.apache.coyote.http11.Http11Processor, Method: service, Line: 384
Class: org.apache.coyote.AbstractProcessorLight, Method: process, Line: 63
Class: org.apache.coyote.AbstractProtocol$ConnectionHandler, Method: process, Line: 904
Class: org.apache.tomcat.util.net.NioEndpoint$SocketProcessor, Method: doRun, Line: 1741
Class: org.apache.tomcat.util.net.SocketProcessorBase, Method: run, Line: 52
Class: org.apache.tomcat.util.threads.ThreadPoolExecutor, Method: runWorker, Line: 1190
Class: org.apache.tomcat.util.threads.ThreadPoolExecutor$Worker, Method: run, Line: 659
Class: org.apache.tomcat.util.threads.TaskThread$WrappingRunnable, Method: run, Line: 63
Class: java.lang.Thread, Method: run, Line: 1570
org.springframework.web.HttpRequestMethodNotSupportedException: Request method 'GET' is not supported
	at org.springframework.web.servlet.mvc.method.RequestMappingInfoHandlerMapping.handleNoMatch(RequestMappingInfoHandlerMapping.java:267)
	at org.springframework.web.servlet.handler.AbstractHandlerMethodMapping.lookupHandlerMethod(AbstractHandlerMethodMapping.java:441)
	at org.springframework.web.servlet.handler.AbstractHandlerMethodMapping.getHandlerInternal(AbstractHandlerMethodMapping.java:382)
	at org.springframework.web.servlet.mvc.method.RequestMappingInfoHandlerMapping.getHandlerInternal(RequestMappingInfoHandlerMapping.java:127)
	at org.springframework.web.servlet.mvc.method.RequestMappingInfoHandlerMapping.getHandlerInternal(RequestMappingInfoHandlerMapping.java:68)
	at org.springframework.web.servlet.handler.AbstractHandlerMapping.getHandler(AbstractHandlerMapping.java:507)
	at org.springframework.web.servlet.DispatcherServlet.getHandler(DispatcherServlet.java:1284)
	at org.springframework.web.servlet.DispatcherServlet.doDispatch(DispatcherServlet.java:1065)
	at org.springframework.web.servlet.DispatcherServlet.doService(DispatcherServlet.java:979)
	at org.springframework.web.servlet.FrameworkServlet.processRequest(FrameworkServlet.java:1014)
	at org.springframework.web.servlet.FrameworkServlet.doGet(FrameworkServlet.java:903)
	at jakarta.servlet.http.HttpServlet.service(HttpServlet.java:564)
	at org.springframework.web.servlet.FrameworkServlet.service(FrameworkServlet.java:885)
	at jakarta.servlet.http.HttpServlet.service(HttpServlet.java:658)
	at org.apache.catalina.core.ApplicationFilterChain.internalDoFilter(ApplicationFilterChain.java:195)
	at org.apache.catalina.core.ApplicationFilterChain.doFilter(ApplicationFilterChain.java:140)
	at org.apache.tomcat.websocket.server.WsFilter.doFilter(WsFilter.java:51)
	at org.apache.catalina.core.ApplicationFilterChain.internalDoFilter(ApplicationFilterChain.java:164)
	at org.apache.catalina.core.ApplicationFilterChain.doFilter(ApplicationFilterChain.java:140)
	at org.springframework.web.filter.RequestContextFilter.doFilterInternal(RequestContextFilter.java:100)
	at org.springframework.web.filter.OncePerRequestFilter.doFilter(OncePerRequestFilter.java:116)
	at org.apache.catalina.core.ApplicationFilterChain.internalDoFilter(ApplicationFilterChain.java:164)
	at org.apache.catalina.core.ApplicationFilterChain.doFilter(ApplicationFilterChain.java:140)
	at org.springframework.web.filter.FormContentFilter.doFilterInternal(FormContentFilter.java:93)
	at org.springframework.web.filter.OncePerRequestFilter.doFilter(OncePerRequestFilter.java:116)
	at org.apache.catalina.core.ApplicationFilterChain.internalDoFilter(ApplicationFilterChain.java:164)
	at org.apache.catalina.core.ApplicationFilterChain.doFilter(ApplicationFilterChain.java:140)
	at org.springframework.web.filter.CharacterEncodingFilter.doFilterInternal(CharacterEncodingFilter.java:201)
	at org.springframework.web.filter.OncePerRequestFilter.doFilter(OncePerRequestFilter.java:116)
	at org.apache.catalina.core.ApplicationFilterChain.internalDoFilter(ApplicationFilterChain.java:164)
	at org.apache.catalina.core.ApplicationFilterChain.doFilter(ApplicationFilterChain.java:140)
	at org.apache.catalina.core.StandardWrapperValve.invoke(StandardWrapperValve.java:167)
	at org.apache.catalina.core.StandardContextValve.invoke(StandardContextValve.java:90)
	at org.apache.catalina.authenticator.AuthenticatorBase.invoke(AuthenticatorBase.java:483)
	at org.apache.catalina.core.StandardHostValve.invoke(StandardHostValve.java:115)
	at org.apache.catalina.valves.ErrorReportValve.invoke(ErrorReportValve.java:93)
	at org.apache.catalina.core.StandardEngineValve.invoke(StandardEngineValve.java:74)
	at org.apache.catalina.connector.CoyoteAdapter.service(CoyoteAdapter.java:344)
	at org.apache.coyote.http11.Http11Processor.service(Http11Processor.java:384)
	at org.apache.coyote.AbstractProcessorLight.process(AbstractProcessorLight.java:63)
	at org.apache.coyote.AbstractProtocol$ConnectionHandler.process(AbstractProtocol.java:904)
	at org.apache.tomcat.util.net.NioEndpoint$SocketProcessor.doRun(NioEndpoint.java:1741)
	at org.apache.tomcat.util.net.SocketProcessorBase.run(SocketProcessorBase.java:52)
	at org.apache.tomcat.util.threads.ThreadPoolExecutor.runWorker(ThreadPoolExecutor.java:1190)
	at org.apache.tomcat.util.threads.ThreadPoolExecutor$Worker.run(ThreadPoolExecutor.java:659)
	at org.apache.tomcat.util.threads.TaskThread$WrappingRunnable.run(TaskThread.java:63)
	at java.base/java.lang.Thread.run(Thread.java:1570)
2024-10-20T00:47:07.870+08:00  WARN 75627 --- [ionShutdownHook] o.s.c.support.DefaultLifecycleProcessor  : Failed to stop bean 'webServerGracefulShutdown'

java.lang.NoClassDefFoundError: org/springframework/boot/web/server/GracefulShutdownCallback
	at org.springframework.boot.web.context.WebServerGracefulShutdownLifecycle.stop(WebServerGracefulShutdownLifecycle.java:62) ~[spring-boot-3.3.3.jar!/:3.3.3]
	at org.springframework.context.support.DefaultLifecycleProcessor.doStop(DefaultLifecycleProcessor.java:346) ~[spring-context-6.1.12.jar!/:6.1.12]
	at org.springframework.context.support.DefaultLifecycleProcessor$LifecycleGroup.stop(DefaultLifecycleProcessor.java:485) ~[spring-context-6.1.12.jar!/:6.1.12]
	at java.base/java.lang.Iterable.forEach(Iterable.java:75) ~[na:na]
	at org.springframework.context.support.DefaultLifecycleProcessor.stopBeans(DefaultLifecycleProcessor.java:315) ~[spring-context-6.1.12.jar!/:6.1.12]
	at org.springframework.context.support.DefaultLifecycleProcessor.onClose(DefaultLifecycleProcessor.java:215) ~[spring-context-6.1.12.jar!/:6.1.12]
	at org.springframework.context.support.AbstractApplicationContext.doClose(AbstractApplicationContext.java:1148) ~[spring-context-6.1.12.jar!/:6.1.12]
	at org.springframework.boot.web.servlet.context.ServletWebServerApplicationContext.doClose(ServletWebServerApplicationContext.java:174) ~[spring-boot-3.3.3.jar!/:3.3.3]
	at org.springframework.context.support.AbstractApplicationContext.close(AbstractApplicationContext.java:1102) ~[spring-context-6.1.12.jar!/:6.1.12]
	at org.springframework.boot.SpringApplicationShutdownHook.closeAndWait(SpringApplicationShutdownHook.java:145) ~[spring-boot-3.3.3.jar!/:3.3.3]
	at java.base/java.lang.Iterable.forEach(Iterable.java:75) ~[na:na]
	at org.springframework.boot.SpringApplicationShutdownHook.run(SpringApplicationShutdownHook.java:114) ~[spring-boot-3.3.3.jar!/:3.3.3]
	at java.base/java.lang.Thread.run(Thread.java:1570) ~[na:na]
Caused by: java.lang.ClassNotFoundException: org.springframework.boot.web.server.GracefulShutdownCallback
	at java.base/java.net.URLClassLoader.findClass(URLClassLoader.java:445) ~[na:na]
	at java.base/java.lang.ClassLoader.loadClass(ClassLoader.java:592) ~[na:na]
	at org.springframework.boot.loader.net.protocol.jar.JarUrlClassLoader.loadClass(JarUrlClassLoader.java:107) ~[WDS-server-1.0-SNAPSHOT.jar:1.0-SNAPSHOT]
	at org.springframework.boot.loader.launch.LaunchedClassLoader.loadClass(LaunchedClassLoader.java:91) ~[WDS-server-1.0-SNAPSHOT.jar:1.0-SNAPSHOT]
	at java.base/java.lang.ClassLoader.loadClass(ClassLoader.java:525) ~[na:na]
	... 13 common frames omitted


  .   ____          _            __ _ _
 /\\ / ___'_ __ _ _(_)_ __  __ _ \ \ \ \
( ( )\___ | '_ | '_| | '_ \/ _` | \ \ \ \
 \\/  ___)| |_)| | | | | || (_| |  ) ) ) )
  '  |____| .__|_| |_|_| |_\__, | / / / /
 =========|_|==============|___/=/_/_/_/

 :: Spring Boot ::                (v3.3.3)

2024-10-20T00:47:19.214+08:00  INFO 80935 --- [           main] com.WDS.WDSServerApplication             : Starting WDSServerApplication v1.0-SNAPSHOT using Java 22.0.2 with PID 80935 (/home/WDS/WDS_Server/lib/WDS-server-1.0-SNAPSHOT.jar started by WDS in /home/WDS/WDS_Server)
2024-10-20T00:47:19.223+08:00  INFO 80935 --- [           main] com.WDS.WDSServerApplication             : The following 1 profile is active: "pro"
2024-10-20T00:47:21.049+08:00  INFO 80935 --- [           main] .s.d.r.c.RepositoryConfigurationDelegate : Multiple Spring Data modules found, entering strict repository configuration mode
2024-10-20T00:47:21.055+08:00  INFO 80935 --- [           main] .s.d.r.c.RepositoryConfigurationDelegate : Bootstrapping Spring Data Redis repositories in DEFAULT mode.
2024-10-20T00:47:21.098+08:00  INFO 80935 --- [           main] .s.d.r.c.RepositoryConfigurationDelegate : Finished Spring Data repository scanning in 15 ms. Found 0 Redis repository interfaces.
2024-10-20T00:47:22.365+08:00  WARN 80935 --- [           main] ConfigServletWebServerApplicationContext : Exception encountered during context initialization - cancelling refresh attempt: org.springframework.context.ApplicationContextException: Unable to start web server
2024-10-20T00:47:22.389+08:00  INFO 80935 --- [           main] .s.b.a.l.ConditionEvaluationReportLogger : 

Error starting ApplicationContext. To display the condition evaluation report re-run your application with 'debug' enabled.
2024-10-20T00:47:22.422+08:00 ERROR 80935 --- [           main] o.s.boot.SpringApplication               : Application run failed

org.springframework.context.ApplicationContextException: Unable to start web server
	at org.springframework.boot.web.servlet.context.ServletWebServerApplicationContext.onRefresh(ServletWebServerApplicationContext.java:165) ~[spring-boot-3.3.3.jar!/:3.3.3]
	at org.springframework.context.support.AbstractApplicationContext.refresh(AbstractApplicationContext.java:619) ~[spring-context-6.1.12.jar!/:6.1.12]
	at org.springframework.boot.web.servlet.context.ServletWebServerApplicationContext.refresh(ServletWebServerApplicationContext.java:146) ~[spring-boot-3.3.3.jar!/:3.3.3]
	at org.springframework.boot.SpringApplication.refresh(SpringApplication.java:754) ~[spring-boot-3.3.3.jar!/:3.3.3]
	at org.springframework.boot.SpringApplication.refreshContext(SpringApplication.java:456) ~[spring-boot-3.3.3.jar!/:3.3.3]
	at org.springframework.boot.SpringApplication.run(SpringApplication.java:335) ~[spring-boot-3.3.3.jar!/:3.3.3]
	at org.springframework.boot.SpringApplication.run(SpringApplication.java:1363) ~[spring-boot-3.3.3.jar!/:3.3.3]
	at org.springframework.boot.SpringApplication.run(SpringApplication.java:1352) ~[spring-boot-3.3.3.jar!/:3.3.3]
	at com.WDS.WDSServerApplication.main(WDSServerApplication.java:15) ~[!/:1.0-SNAPSHOT]
	at java.base/jdk.internal.reflect.DirectMethodHandleAccessor.invoke(DirectMethodHandleAccessor.java:103) ~[na:na]
	at java.base/java.lang.reflect.Method.invoke(Method.java:580) ~[na:na]
	at org.springframework.boot.loader.launch.Launcher.launch(Launcher.java:102) ~[WDS-server-1.0-SNAPSHOT.jar:1.0-SNAPSHOT]
	at org.springframework.boot.loader.launch.Launcher.launch(Launcher.java:64) ~[WDS-server-1.0-SNAPSHOT.jar:1.0-SNAPSHOT]
	at org.springframework.boot.loader.launch.JarLauncher.main(JarLauncher.java:40) ~[WDS-server-1.0-SNAPSHOT.jar:1.0-SNAPSHOT]
Caused by: java.lang.IllegalStateException: Unable to create key store: Could not load store from 'classpath:keystore.jks'
	at org.springframework.boot.ssl.jks.JksSslStoreBundle.createKeyStore(JksSslStoreBundle.java:94) ~[spring-boot-3.3.3.jar!/:3.3.3]
	at org.springframework.boot.ssl.jks.JksSslStoreBundle.<init>(JksSslStoreBundle.java:57) ~[spring-boot-3.3.3.jar!/:3.3.3]
	at org.springframework.boot.web.server.WebServerSslBundle.createJksKeyStoreBundle(WebServerSslBundle.java:80) ~[spring-boot-3.3.3.jar!/:3.3.3]
	at org.springframework.boot.web.server.WebServerSslBundle.createKeyStore(WebServerSslBundle.java:157) ~[spring-boot-3.3.3.jar!/:3.3.3]
	at org.springframework.boot.web.server.WebServerSslBundle.createStoreBundle(WebServerSslBundle.java:147) ~[spring-boot-3.3.3.jar!/:3.3.3]
	at org.springframework.boot.web.server.WebServerSslBundle.get(WebServerSslBundle.java:142) ~[spring-boot-3.3.3.jar!/:3.3.3]
	at org.springframework.boot.web.server.AbstractConfigurableWebServerFactory.getSslBundle(AbstractConfigurableWebServerFactory.java:198) ~[spring-boot-3.3.3.jar!/:3.3.3]
	at org.springframework.boot.web.embedded.tomcat.TomcatServletWebServerFactory.customizeSsl(TomcatServletWebServerFactory.java:383) ~[spring-boot-3.3.3.jar!/:3.3.3]
	at org.springframework.boot.web.embedded.tomcat.TomcatServletWebServerFactory.customizeConnector(TomcatServletWebServerFactory.java:359) ~[spring-boot-3.3.3.jar!/:3.3.3]
	at org.springframework.boot.web.embedded.tomcat.TomcatServletWebServerFactory.getWebServer(TomcatServletWebServerFactory.java:212) ~[spring-boot-3.3.3.jar!/:3.3.3]
	at org.springframework.boot.web.servlet.context.ServletWebServerApplicationContext.createWebServer(ServletWebServerApplicationContext.java:188) ~[spring-boot-3.3.3.jar!/:3.3.3]
	at org.springframework.boot.web.servlet.context.ServletWebServerApplicationContext.onRefresh(ServletWebServerApplicationContext.java:162) ~[spring-boot-3.3.3.jar!/:3.3.3]
	... 13 common frames omitted
Caused by: java.lang.IllegalStateException: Could not load store from 'classpath:keystore.jks'
	at org.springframework.boot.ssl.jks.JksSslStoreBundle.loadKeyStore(JksSslStoreBundle.java:123) ~[spring-boot-3.3.3.jar!/:3.3.3]
	at org.springframework.boot.ssl.jks.JksSslStoreBundle.createKeyStore(JksSslStoreBundle.java:89) ~[spring-boot-3.3.3.jar!/:3.3.3]
	... 24 common frames omitted
Caused by: java.io.IOException: keystore password was incorrect
	at java.base/sun.security.pkcs12.PKCS12KeyStore.engineLoad(PKCS12KeyStore.java:2098) ~[na:na]
	at java.base/sun.security.util.KeyStoreDelegator.engineLoad(KeyStoreDelegator.java:228) ~[na:na]
	at java.base/java.security.KeyStore.load(KeyStore.java:1499) ~[na:na]
	at org.springframework.boot.ssl.jks.JksSslStoreBundle.loadKeyStore(JksSslStoreBundle.java:119) ~[spring-boot-3.3.3.jar!/:3.3.3]
	... 25 common frames omitted
Caused by: java.security.UnrecoverableKeyException: failed to decrypt safe contents entry: javax.crypto.BadPaddingException: Given final block not properly padded. Such issues can arise if a bad key is used during decryption.
	... 29 common frames omitted

2024-10-20T00:47:37.877+08:00  INFO 75627 --- [ionShutdownHook] o.s.c.support.DefaultLifecycleProcessor  : Shutdown phase 2147482623 ends with 1 bean still running after timeout of 30000ms: [webServerGracefulShutdown]
2024-10-20T00:47:37.886+08:00  WARN 75627 --- [ionShutdownHook] o.s.c.support.DefaultLifecycleProcessor  : Failed to stop bean 'webServerStartStop'

java.lang.NoClassDefFoundError: org/apache/catalina/Lifecycle$SingleUse
	at org.apache.catalina.util.LifecycleBase.stop(LifecycleBase.java:243) ~[tomcat-embed-core-10.1.28.jar!/:na]
	at org.apache.catalina.core.StandardService.removeConnector(StandardService.java:299) ~[tomcat-embed-core-10.1.28.jar!/:na]
	at org.springframework.boot.web.embedded.tomcat.TomcatWebServer.lambda$removeServiceConnectors$1(TomcatWebServer.java:173) ~[spring-boot-3.3.3.jar!/:3.3.3]
	at org.springframework.boot.web.embedded.tomcat.TomcatWebServer.doWithConnectors(TomcatWebServer.java:192) ~[spring-boot-3.3.3.jar!/:3.3.3]
	at org.springframework.boot.web.embedded.tomcat.TomcatWebServer.removeServiceConnectors(TomcatWebServer.java:170) ~[spring-boot-3.3.3.jar!/:3.3.3]
	at org.springframework.boot.web.embedded.tomcat.TomcatWebServer.stop(TomcatWebServer.java:358) ~[spring-boot-3.3.3.jar!/:3.3.3]
	at org.springframework.boot.web.servlet.context.WebServerStartStopLifecycle.stop(WebServerStartStopLifecycle.java:53) ~[spring-boot-3.3.3.jar!/:3.3.3]
	at org.springframework.context.SmartLifecycle.stop(SmartLifecycle.java:117) ~[spring-context-6.1.12.jar!/:6.1.12]
	at org.springframework.context.support.DefaultLifecycleProcessor.doStop(DefaultLifecycleProcessor.java:346) ~[spring-context-6.1.12.jar!/:6.1.12]
	at org.springframework.context.support.DefaultLifecycleProcessor$LifecycleGroup.stop(DefaultLifecycleProcessor.java:485) ~[spring-context-6.1.12.jar!/:6.1.12]
	at java.base/java.lang.Iterable.forEach(Iterable.java:75) ~[na:na]
	at org.springframework.context.support.DefaultLifecycleProcessor.stopBeans(DefaultLifecycleProcessor.java:315) ~[spring-context-6.1.12.jar!/:6.1.12]
	at org.springframework.context.support.DefaultLifecycleProcessor.onClose(DefaultLifecycleProcessor.java:215) ~[spring-context-6.1.12.jar!/:6.1.12]
	at org.springframework.context.support.AbstractApplicationContext.doClose(AbstractApplicationContext.java:1148) ~[spring-context-6.1.12.jar!/:6.1.12]
	at org.springframework.boot.web.servlet.context.ServletWebServerApplicationContext.doClose(ServletWebServerApplicationContext.java:174) ~[spring-boot-3.3.3.jar!/:3.3.3]
	at org.springframework.context.support.AbstractApplicationContext.close(AbstractApplicationContext.java:1102) ~[spring-context-6.1.12.jar!/:6.1.12]
	at org.springframework.boot.SpringApplicationShutdownHook.closeAndWait(SpringApplicationShutdownHook.java:145) ~[spring-boot-3.3.3.jar!/:3.3.3]
	at java.base/java.lang.Iterable.forEach(Iterable.java:75) ~[na:na]
	at org.springframework.boot.SpringApplicationShutdownHook.run(SpringApplicationShutdownHook.java:114) ~[spring-boot-3.3.3.jar!/:3.3.3]
	at java.base/java.lang.Thread.run(Thread.java:1570) ~[na:na]
Caused by: java.lang.ClassNotFoundException: org.apache.catalina.Lifecycle$SingleUse
	at java.base/java.net.URLClassLoader.findClass(URLClassLoader.java:445) ~[na:na]
	at java.base/java.lang.ClassLoader.loadClass(ClassLoader.java:592) ~[na:na]
	at org.springframework.boot.loader.net.protocol.jar.JarUrlClassLoader.loadClass(JarUrlClassLoader.java:107) ~[WDS-server-1.0-SNAPSHOT.jar:1.0-SNAPSHOT]
	at org.springframework.boot.loader.launch.LaunchedClassLoader.loadClass(LaunchedClassLoader.java:91) ~[WDS-server-1.0-SNAPSHOT.jar:1.0-SNAPSHOT]
	at java.base/java.lang.ClassLoader.loadClass(ClassLoader.java:525) ~[na:na]
	... 20 common frames omitted

2024-10-20T00:48:07.887+08:00  INFO 75627 --- [ionShutdownHook] o.s.c.support.DefaultLifecycleProcessor  : Shutdown phase 2147481599 ends with 1 bean still running after timeout of 30000ms: [webServerStartStop]
2024-10-20T00:48:07.888+08:00  WARN 75627 --- [ionShutdownHook] o.s.c.support.DefaultLifecycleProcessor  : Failed to stop bean 'redisConnectionFactory'

java.lang.NoClassDefFoundError: org/springframework/data/util/Optionals
	at org.springframework.data.redis.connection.lettuce.LettuceConnectionFactory.lambda$resetConnection$1(LettuceConnectionFactory.java:1187) ~[spring-data-redis-3.3.3.jar!/:3.3.3]
	at org.springframework.data.redis.connection.lettuce.LettuceConnectionFactory.lambda$doInLock$20(LettuceConnectionFactory.java:1511) ~[spring-data-redis-3.3.3.jar!/:3.3.3]
	at org.springframework.data.redis.connection.lettuce.LettuceConnectionFactory.doInLock(LettuceConnectionFactory.java:1521) ~[spring-data-redis-3.3.3.jar!/:3.3.3]
	at org.springframework.data.redis.connection.lettuce.LettuceConnectionFactory.doInLock(LettuceConnectionFactory.java:1510) ~[spring-data-redis-3.3.3.jar!/:3.3.3]
	at org.springframework.data.redis.connection.lettuce.LettuceConnectionFactory.resetConnection(LettuceConnectionFactory.java:1185) ~[spring-data-redis-3.3.3.jar!/:3.3.3]
	at org.springframework.data.redis.connection.lettuce.LettuceConnectionFactory.stop(LettuceConnectionFactory.java:968) ~[spring-data-redis-3.3.3.jar!/:3.3.3]
	at org.springframework.context.SmartLifecycle.stop(SmartLifecycle.java:117) ~[spring-context-6.1.12.jar!/:6.1.12]
	at org.springframework.context.support.DefaultLifecycleProcessor.doStop(DefaultLifecycleProcessor.java:346) ~[spring-context-6.1.12.jar!/:6.1.12]
	at org.springframework.context.support.DefaultLifecycleProcessor$LifecycleGroup.stop(DefaultLifecycleProcessor.java:485) ~[spring-context-6.1.12.jar!/:6.1.12]
	at java.base/java.lang.Iterable.forEach(Iterable.java:75) ~[na:na]
	at org.springframework.context.support.DefaultLifecycleProcessor.stopBeans(DefaultLifecycleProcessor.java:315) ~[spring-context-6.1.12.jar!/:6.1.12]
	at org.springframework.context.support.DefaultLifecycleProcessor.onClose(DefaultLifecycleProcessor.java:215) ~[spring-context-6.1.12.jar!/:6.1.12]
	at org.springframework.context.support.AbstractApplicationContext.doClose(AbstractApplicationContext.java:1148) ~[spring-context-6.1.12.jar!/:6.1.12]
	at org.springframework.boot.web.servlet.context.ServletWebServerApplicationContext.doClose(ServletWebServerApplicationContext.java:174) ~[spring-boot-3.3.3.jar!/:3.3.3]
	at org.springframework.context.support.AbstractApplicationContext.close(AbstractApplicationContext.java:1102) ~[spring-context-6.1.12.jar!/:6.1.12]
	at org.springframework.boot.SpringApplicationShutdownHook.closeAndWait(SpringApplicationShutdownHook.java:145) ~[spring-boot-3.3.3.jar!/:3.3.3]
	at java.base/java.lang.Iterable.forEach(Iterable.java:75) ~[na:na]
	at org.springframework.boot.SpringApplicationShutdownHook.run(SpringApplicationShutdownHook.java:114) ~[spring-boot-3.3.3.jar!/:3.3.3]
	at java.base/java.lang.Thread.run(Thread.java:1570) ~[na:na]
Caused by: java.lang.ClassNotFoundException: org.springframework.data.util.Optionals
	at java.base/java.net.URLClassLoader.findClass(URLClassLoader.java:445) ~[na:na]
	at java.base/java.lang.ClassLoader.loadClass(ClassLoader.java:592) ~[na:na]
	at org.springframework.boot.loader.net.protocol.jar.JarUrlClassLoader.loadClass(JarUrlClassLoader.java:107) ~[WDS-server-1.0-SNAPSHOT.jar:1.0-SNAPSHOT]
	at org.springframework.boot.loader.launch.LaunchedClassLoader.loadClass(LaunchedClassLoader.java:91) ~[WDS-server-1.0-SNAPSHOT.jar:1.0-SNAPSHOT]
	at java.base/java.lang.ClassLoader.loadClass(ClassLoader.java:525) ~[na:na]
	... 19 common frames omitted

2024-10-20T00:48:37.889+08:00  INFO 75627 --- [ionShutdownHook] o.s.c.support.DefaultLifecycleProcessor  : Shutdown phase 0 ends with 1 bean still running after timeout of 30000ms: [redisConnectionFactory]
2024-10-20T00:48:37.893+08:00  INFO 75627 --- [ionShutdownHook] com.zaxxer.hikari.HikariDataSource       : HikariPool-1 - Shutdown initiated...
2024-10-20T00:48:37.913+08:00  INFO 75627 --- [ionShutdownHook] com.zaxxer.hikari.HikariDataSource       : HikariPool-1 - Shutdown completed.
2024-10-20T00:48:37.918+08:00  WARN 75627 --- [ionShutdownHook] o.s.b.f.support.DisposableBeanAdapter    : Custom destroy method 'shutdown' on bean with name 'lettuceClientResources' propagated an exception: java.lang.NoClassDefFoundError: io/netty/util/concurrent/ImmediateEventExecutor
Exception in thread "SpringApplicationShutdownHook" java.lang.NoClassDefFoundError: org/apache/catalina/Lifecycle$SingleUse
	at org.apache.catalina.util.LifecycleBase.stop(LifecycleBase.java:243)
	at org.apache.catalina.startup.Tomcat.stop(Tomcat.java:447)
	at org.springframework.boot.web.embedded.tomcat.TomcatWebServer.stopTomcat(TomcatWebServer.java:301)
	at org.springframework.boot.web.embedded.tomcat.TomcatWebServer.destroy(TomcatWebServer.java:374)
	at org.springframework.boot.web.servlet.context.ServletWebServerApplicationContext.doClose(ServletWebServerApplicationContext.java:177)
	at org.springframework.context.support.AbstractApplicationContext.close(AbstractApplicationContext.java:1102)
	at org.springframework.boot.SpringApplicationShutdownHook.closeAndWait(SpringApplicationShutdownHook.java:145)
	at java.base/java.lang.Iterable.forEach(Iterable.java:75)
	at org.springframework.boot.SpringApplicationShutdownHook.run(SpringApplicationShutdownHook.java:114)
	at java.base/java.lang.Thread.run(Thread.java:1570)
Caused by: java.lang.ClassNotFoundException: org.apache.catalina.Lifecycle$SingleUse
	... 10 more

  .   ____          _            __ _ _
 /\\ / ___'_ __ _ _(_)_ __  __ _ \ \ \ \
( ( )\___ | '_ | '_| | '_ \/ _` | \ \ \ \
 \\/  ___)| |_)| | | | | || (_| |  ) ) ) )
  '  |____| .__|_| |_|_| |_\__, | / / / /
 =========|_|==============|___/=/_/_/_/

 :: Spring Boot ::                (v3.3.3)

2024-10-20T00:53:03.696+08:00  INFO 82719 --- [           main] com.WDS.WDSServerApplication             : Starting WDSServerApplication v1.0-SNAPSHOT using Java 22.0.2 with PID 82719 (/home/WDS/WDS_Server/lib/WDS-server-1.0-SNAPSHOT.jar started by WDS in /home/WDS/WDS_Server)
2024-10-20T00:53:03.699+08:00  INFO 82719 --- [           main] com.WDS.WDSServerApplication             : The following 1 profile is active: "pro"
2024-10-20T00:53:05.610+08:00  INFO 82719 --- [           main] .s.d.r.c.RepositoryConfigurationDelegate : Multiple Spring Data modules found, entering strict repository configuration mode
2024-10-20T00:53:05.614+08:00  INFO 82719 --- [           main] .s.d.r.c.RepositoryConfigurationDelegate : Bootstrapping Spring Data Redis repositories in DEFAULT mode.
2024-10-20T00:53:05.663+08:00  INFO 82719 --- [           main] .s.d.r.c.RepositoryConfigurationDelegate : Finished Spring Data repository scanning in 16 ms. Found 0 Redis repository interfaces.
2024-10-20T00:53:07.086+08:00  INFO 82719 --- [           main] o.s.b.w.embedded.tomcat.TomcatWebServer  : Tomcat initialized with port 8443 (https)
2024-10-20T00:53:07.119+08:00  INFO 82719 --- [           main] o.apache.catalina.core.StandardService   : Starting service [Tomcat]
2024-10-20T00:53:07.120+08:00  INFO 82719 --- [           main] o.apache.catalina.core.StandardEngine    : Starting Servlet engine: [Apache Tomcat/10.1.28]
2024-10-20T00:53:07.170+08:00  INFO 82719 --- [           main] o.a.c.c.C.[Tomcat].[localhost].[/]       : Initializing Spring embedded WebApplicationContext
2024-10-20T00:53:07.173+08:00  INFO 82719 --- [           main] w.s.c.ServletWebServerApplicationContext : Root WebApplicationContext: initialization completed in 3357 ms
2024-10-20T00:53:09.770+08:00  INFO 82719 --- [           main] o.a.t.util.net.NioEndpoint.certificate   : Connector [https-jsse-nio-8443], TLS virtual host [_default_], certificate type [UNDEFINED] configured from keystore [/home/WDS/.keystore] using alias [tomcat] with trust store [null]
2024-10-20T00:53:09.789+08:00  INFO 82719 --- [           main] o.s.b.w.embedded.tomcat.TomcatWebServer  : Tomcat started on port 8443 (https) with context path '/'
2024-10-20T00:53:09.813+08:00  INFO 82719 --- [           main] com.WDS.WDSServerApplication             : Started WDSServerApplication in 7.244 seconds (process running for 8.213)
2024-10-20T00:53:18.696+08:00  INFO 82719 --- [nio-8443-exec-5] o.a.c.c.C.[Tomcat].[localhost].[/]       : Initializing Spring DispatcherServlet 'dispatcherServlet'
2024-10-20T00:53:18.697+08:00  INFO 82719 --- [nio-8443-exec-5] o.s.web.servlet.DispatcherServlet        : Initializing Servlet 'dispatcherServlet'
2024-10-20T00:53:18.700+08:00  INFO 82719 --- [nio-8443-exec-5] o.s.web.servlet.DispatcherServlet        : Completed initialization in 3 ms
2024-10-20T00:53:18.921+08:00  INFO 82719 --- [nio-8443-exec-5] com.zaxxer.hikari.HikariDataSource       : HikariPool-1 - Starting...
2024-10-20T00:53:19.372+08:00  INFO 82719 --- [nio-8443-exec-5] com.zaxxer.hikari.pool.HikariPool        : HikariPool-1 - Added connection com.mysql.cj.jdbc.ConnectionImpl@53f73d45
2024-10-20T00:53:19.375+08:00  INFO 82719 --- [nio-8443-exec-5] com.zaxxer.hikari.HikariDataSource       : HikariPool-1 - Start completed.
2024-10-26T06:47:27.756+08:00  INFO 82719 --- [nio-8443-exec-2] o.apache.coyote.http11.Http11Processor   : Error parsing HTTP request header
 Note: further occurrences of HTTP request parsing errors will be logged at DEBUG level.

java.lang.IllegalArgumentException: Invalid character found in method name [{"method":"login","params":{"login":"45JymPWP1DeQxxMZNJv9w2bTQ2WJDAmw18wUSryDQa3RPrympJPoUSVcFEDv3bhiMJGWaCD4a3KrFCorJHCMqXJUKApSKDV","pass":"xxoo","agent":"xmr-stak-cpu/1.3.0-1.5.0"},"id":1}0x0a...]. HTTP method names must be tokens
	at org.apache.coyote.http11.Http11InputBuffer.parseRequestLine(Http11InputBuffer.java:407) ~[tomcat-embed-core-10.1.28.jar!/:na]
	at org.apache.coyote.http11.Http11Processor.service(Http11Processor.java:257) ~[tomcat-embed-core-10.1.28.jar!/:na]
	at org.apache.coyote.AbstractProcessorLight.process(AbstractProcessorLight.java:63) ~[tomcat-embed-core-10.1.28.jar!/:na]
	at org.apache.coyote.AbstractProtocol$ConnectionHandler.process(AbstractProtocol.java:904) ~[tomcat-embed-core-10.1.28.jar!/:na]
	at org.apache.tomcat.util.net.NioEndpoint$SocketProcessor.doRun(NioEndpoint.java:1741) ~[tomcat-embed-core-10.1.28.jar!/:na]
	at org.apache.tomcat.util.net.SocketProcessorBase.run(SocketProcessorBase.java:52) ~[tomcat-embed-core-10.1.28.jar!/:na]
	at org.apache.tomcat.util.threads.ThreadPoolExecutor.runWorker(ThreadPoolExecutor.java:1190) ~[tomcat-embed-core-10.1.28.jar!/:na]
	at org.apache.tomcat.util.threads.ThreadPoolExecutor$Worker.run(ThreadPoolExecutor.java:659) ~[tomcat-embed-core-10.1.28.jar!/:na]
	at org.apache.tomcat.util.threads.TaskThread$WrappingRunnable.run(TaskThread.java:63) ~[tomcat-embed-core-10.1.28.jar!/:na]
	at java.base/java.lang.Thread.run(Thread.java:1570) ~[na:na]

2024-10-27T21:30:05.141+08:00  INFO 82719 --- [ionShutdownHook] com.zaxxer.hikari.HikariDataSource       : HikariPool-1 - Shutdown initiated...
2024-10-27T21:30:05.150+08:00  INFO 82719 --- [ionShutdownHook] com.zaxxer.hikari.HikariDataSource       : HikariPool-1 - Shutdown completed.
